<?xml version="1.0" encoding="UTF-8"?>
<!-- Generated by org.testng.reporters.JUnitXMLReporter -->
<testsuite ignored="0" hostname="MckenzieCombrinck" failures="0" tests="4" name="Surefire test" time="0.934" errors="0" timestamp="2020-04-27T11:02:50 SAST">
  <testcase classname="gcombrinck.BaseTests" name="@BeforeClass testUp" time="-1.587978169197E9">
    <failure type="org.testng.TestNGException" message="
Parameter &amp;apos;browser&amp;apos; is required by BeforeClass on method testUp but has not been marked @Optional or defined
">
      <![CDATA[org.testng.TestNGException: 
Parameter 'browser' is required by BeforeClass on method testUp but has not been marked @Optional or defined

at java.base/java.util.ArrayList.forEach(ArrayList.java:1510)
... Removed 26 stack frames]]>
    </failure>
  </testcase> <!-- @BeforeClass testUp -->
  <testcase classname="gcombrinck.BaseTests" name="@BeforeMethod goHome" time="-1.587978169632E9">
    <skipped/>
  </testcase> <!-- @BeforeMethod goHome -->
  <testcase classname="gcombrinck.BaseTests" name="@AfterMethod recordFailure" time="-1.587978169694E9">
    <skipped/>
  </testcase> <!-- @AfterMethod recordFailure -->
  <testcase classname="gcombrinck.BaseTests" name="@BeforeMethod goHome" time="-1.587978169698E9">
    <skipped/>
  </testcase> <!-- @BeforeMethod goHome -->
  <testcase classname="gcombrinck.BaseTests" name="@AfterMethod recordFailure" time="-1.587978169711E9">
    <skipped/>
  </testcase> <!-- @AfterMethod recordFailure -->
  <testcase classname="gcombrinck.BaseTests" name="@BeforeMethod goHome" time="-1.587978169715E9">
    <skipped/>
  </testcase> <!-- @BeforeMethod goHome -->
  <testcase classname="gcombrinck.BaseTests" name="@AfterMethod recordFailure" time="-1.587978169822E9">
    <skipped/>
  </testcase> <!-- @AfterMethod recordFailure -->
  <testcase classname="gcombrinck.BaseTests" name="@BeforeMethod goHome" time="-1.587978169826E9">
    <skipped/>
  </testcase> <!-- @BeforeMethod goHome -->
  <testcase classname="gcombrinck.BaseTests" name="@AfterMethod recordFailure" time="-1.587978170032E9">
    <skipped/>
  </testcase> <!-- @AfterMethod recordFailure -->
  <testcase classname="gcombrinck.BaseTests" name="@AfterClass tearDown" time="-1.587978170036E9">
    <skipped/>
  </testcase> <!-- @AfterClass tearDown -->
  <testcase classname="gcombrinck.MyTest" name="ApplyJobWithCSVDataProvider" time="0.0">
    <skipped/>
  </testcase> <!-- ApplyJobWithCSVDataProvider -->
  <testcase classname="gcombrinck.MyTest" name="ApplyJobWithCSVDataProvider" time="0.0">
    <skipped/>
  </testcase> <!-- ApplyJobWithCSVDataProvider -->
  <testcase classname="gcombrinck.MyTest" name="ApplyJobWithDataProvider" time="0.0">
    <skipped/>
  </testcase> <!-- ApplyJobWithDataProvider -->
  <testcase classname="gcombrinck.MyTest" name="ApplyJobWithStaticData" time="0.0">
    <skipped/>
  </testcase> <!-- ApplyJobWithStaticData -->
</testsuite> <!-- Surefire test -->
