<?xml version="1.0" encoding="UTF-8"?>
<testsuite xmlns:xsi="http://www.w3.org/2001/XMLSchema-instance" xsi:noNamespaceSchemaLocation="https://maven.apache.org/surefire/maven-surefire-plugin/xsd/surefire-test-report.xsd" name="TestSuite" time="6.053" tests="14" errors="0" skipped="13" failures="1">
  <properties>
[...]
</properties>
  <testcase name="testUp" classname="gcombrinck.MyTest" time="3.569">
    <failure message="&#10;Parameter &apos;browser&apos; is required by BeforeClass on method testUp but has not been marked @Optional or defined&#10;" type="org.testng.TestNGException">org.testng.TestNGException: 

Parameter 'browser' is required by BeforeClass on method testUp but has not been marked @Optional or defined

</failure>
    <system-err><![CDATA[SLF4J: Failed to load class "org.slf4j.impl.StaticLoggerBinder".
SLF4J: Defaulting to no-operation (NOP) logger implementation
SLF4J: See http://www.slf4j.org/codes.html#StaticLoggerBinder for further details.
]]></system-err>
  </testcase>
  <testcase name="goHome" classname="gcombrinck.MyTest" time="0">
    <skipped/>
    <system-out><![CDATA[6333127858
]]></system-out>
  </testcase>
  <testcase name="goHome" classname="gcombrinck.MyTest" time="0">
    <skipped/>
  </testcase>
  <testcase name="goHome" classname="gcombrinck.MyTest" time="0">
    <skipped/>
    <system-out><![CDATA[6867556811
]]></system-out>
  </testcase>
  <testcase name="goHome" classname="gcombrinck.MyTest" time="0">
    <skipped/>
  </testcase>
  <testcase name="ApplyJobWithCSVDataProvider" classname="gcombrinck.MyTest" time="0">
    <skipped message="&#10;Parameter &apos;browser&apos; is required by BeforeClass on method testUp but has not been marked @Optional or defined&#10;"/>
  </testcase>
  <testcase name="ApplyJobWithCSVDataProvider" classname="gcombrinck.MyTest" time="0">
    <skipped message="&#10;Parameter &apos;browser&apos; is required by BeforeClass on method testUp but has not been marked @Optional or defined&#10;"/>
  </testcase>
  <testcase name="recordFailure" classname="gcombrinck.MyTest" time="0">
    <skipped/>
  </testcase>
  <testcase name="recordFailure" classname="gcombrinck.MyTest" time="0">
    <skipped/>
  </testcase>
  <testcase name="recordFailure" classname="gcombrinck.MyTest" time="0">
    <skipped/>
  </testcase>
  <testcase name="recordFailure" classname="gcombrinck.MyTest" time="0">
    <skipped/>
  </testcase>
  <testcase name="ApplyJobWithDataProvider" classname="gcombrinck.MyTest" time="0">
    <skipped message="&#10;Parameter &apos;browser&apos; is required by BeforeClass on method testUp but has not been marked @Optional or defined&#10;"/>
  </testcase>
  <testcase name="ApplyJobWithStaticData" classname="gcombrinck.MyTest" time="0">
    <skipped message="&#10;Parameter &apos;browser&apos; is required by BeforeClass on method testUp but has not been marked @Optional or defined&#10;"/>
  </testcase>
  <testcase name="tearDown" classname="gcombrinck.MyTest" time="0">
    <skipped/>
  </testcase>
</testsuite>