<?xml version="1.0" encoding="UTF-8"?>
<testsuite xmlns:xsi="http://www.w3.org/2001/XMLSchema-instance" xsi:noNamespaceSchemaLocation="https://maven.apache.org/surefire/maven-surefire-plugin/xsd/surefire-test-report.xsd" name="TestSuite" time="111.066" tests="4" errors="0" skipped="0" failures="2">
  <properties>
[...]
</properties>
  <testcase name="ApplyJobWithCSVDataProvider" classname="gcombrinck.MyTest" time="13.408">
    <failure message="no such element: Unable to locate element: {&quot;method&quot;:&quot;css selector&quot;,&quot;selector&quot;:&quot;.wpjb\-form\-job\-apply&quot;}&#10;  (Session info: chrome=81.0.4044.122)&#10;For documentation on this error, please visit: https://www.seleniumhq.org/exceptions/no_such_element.html&#10;Build info: version: &apos;3.141.59&apos;, revision: &apos;e82be7d358&apos;, time: &apos;2018-11-14T08:17:03&apos;&#10;System info: host: &apos;MCKENZIECOMBRIN&apos;, ip: &apos;192.168.99.1&apos;, os.name: &apos;Windows 10&apos;, os.arch: &apos;amd64&apos;, os.version: &apos;10.0&apos;, java.version: &apos;14.0.1&apos;&#10;Driver info: org.openqa.selenium.chrome.ChromeDriver&#10;Capabilities {acceptInsecureCerts: false, browserName: chrome, browserVersion: 81.0.4044.122, chrome: {chromedriverVersion: 81.0.4044.20 (f006328e39a97..., userDataDir: C:\Users\HealthQ\AppData\Lo...}, goog:chromeOptions: {debuggerAddress: localhost:52566}, javascriptEnabled: true, networkConnectionEnabled: false, pageLoadStrategy: normal, platform: WINDOWS, platformName: WINDOWS, proxy: Proxy(), setWindowRect: true, strictFileInteractability: false, timeouts: {implicit: 0, pageLoad: 300000, script: 30000}, unhandledPromptBehavior: dismiss and notify, webauthn:virtualAuthenticators: true}&#10;Session ID: 1e5602d08ec21d53d0d13cee4501bff1&#10;*** Element info: {Using=class name, value=wpjb-form-job-apply}" type="org.openqa.selenium.NoSuchElementException">org.openqa.selenium.NoSuchElementException: 
no such element: Unable to locate element: {"method":"css selector","selector":".wpjb\-form\-job\-apply"}
  (Session info: chrome=81.0.4044.122)
For documentation on this error, please visit: https://www.seleniumhq.org/exceptions/no_such_element.html
Build info: version: '3.141.59', revision: 'e82be7d358', time: '2018-11-14T08:17:03'
System info: host: 'MCKENZIECOMBRIN', ip: '192.168.99.1', os.name: 'Windows 10', os.arch: 'amd64', os.version: '10.0', java.version: '14.0.1'
Driver info: org.openqa.selenium.chrome.ChromeDriver
Capabilities {acceptInsecureCerts: false, browserName: chrome, browserVersion: 81.0.4044.122, chrome: {chromedriverVersion: 81.0.4044.20 (f006328e39a97..., userDataDir: C:\Users\HealthQ\AppData\Lo...}, goog:chromeOptions: {debuggerAddress: localhost:52566}, javascriptEnabled: true, networkConnectionEnabled: false, pageLoadStrategy: normal, platform: WINDOWS, platformName: WINDOWS, proxy: Proxy(), setWindowRect: true, strictFileInteractability: false, timeouts: {implicit: 0, pageLoad: 300000, script: 30000}, unhandledPromptBehavior: dismiss and notify, webauthn:virtualAuthenticators: true}
Session ID: 1e5602d08ec21d53d0d13cee4501bff1
*** Element info: {Using=class name, value=wpjb-form-job-apply}
	at gcombrinck.MyTest.ApplyJobWithCSVDataProvider(MyTest.java:74)
</failure>
    <system-out><![CDATA[*** Running Tests on CHROME ***
*** Initializing Webdriver ***
ChromeDriver: chrome on WINDOWS (1e5602d08ec21d53d0d13cee4501bff1)
4234503888
]]></system-out>
    <system-err><![CDATA[SLF4J: Failed to load class "org.slf4j.impl.StaticLoggerBinder".
SLF4J: Defaulting to no-operation (NOP) logger implementation
SLF4J: See http://www.slf4j.org/codes.html#StaticLoggerBinder for further details.
Starting ChromeDriver 81.0.4044.20 (f006328e39a9769596eb506c8841c3004b24e747-refs/branch-heads/4044@{#244}) on port 9437
Only local connections are allowed.
Please protect ports used by ChromeDriver and related test frameworks to prevent access by malicious code.
Apr 27, 2020 11:44:00 AM org.openqa.selenium.remote.ProtocolHandshake createSession
INFO: Detected dialect: W3C
[1587980647.831][SEVERE]: Timed out receiving message from renderer: 0.100
[1587980647.938][SEVERE]: Timed out receiving message from renderer: 0.100
[1587980648.040][SEVERE]: Timed out receiving message from renderer: 0.100
[1587980648.142][SEVERE]: Timed out receiving message from renderer: 0.100
[1587980648.284][SEVERE]: Timed out receiving message from renderer: 0.100
[1587980648.386][SEVERE]: Timed out receiving message from renderer: 0.100
[1587980648.500][SEVERE]: Timed out receiving message from renderer: 0.100
[1587980648.602][SEVERE]: Timed out receiving message from renderer: 0.100
[1587980648.703][SEVERE]: Timed out receiving message from renderer: 0.100
[1587980648.805][SEVERE]: Timed out receiving message from renderer: 0.100
[1587980648.916][SEVERE]: Timed out receiving message from renderer: 0.100
[1587980649.018][SEVERE]: Timed out receiving message from renderer: 0.100
[1587980649.120][SEVERE]: Timed out receiving message from renderer: 0.100
[1587980649.223][SEVERE]: Timed out receiving message from renderer: 0.100
[1587980649.325][SEVERE]: Timed out receiving message from renderer: 0.100
[1587980649.505][SEVERE]: Timed out receiving message from renderer: 0.100
[1587980649.606][SEVERE]: Timed out receiving message from renderer: 0.100
[1587980649.720][SEVERE]: Timed out receiving message from renderer: 0.100
[1587980651.471][SEVERE]: Timed out receiving message from renderer: 0.100
[1587980651.573][SEVERE]: Timed out receiving message from renderer: 0.100
[1587980651.674][SEVERE]: Timed out receiving message from renderer: 0.100
[1587980651.900][SEVERE]: Timed out receiving message from renderer: 0.100
[1587980652.084][SEVERE]: Timed out receiving message from renderer: 0.100
[1587980652.268][SEVERE]: Timed out receiving message from renderer: 0.100
[1587980652.396][SEVERE]: Timed out receiving message from renderer: 0.100
[1587980652.507][SEVERE]: Timed out receiving message from renderer: 0.100
[1587980652.609][SEVERE]: Timed out receiving message from renderer: 0.100
[1587980653.033][SEVERE]: Timed out receiving message from renderer: 0.100
[1587980653.429][SEVERE]: Timed out receiving message from renderer: 0.100
[1587980663.165][SEVERE]: Timed out receiving message from renderer: 0.100
[1587980663.316][SEVERE]: Timed out receiving message from renderer: 0.100
[1587980663.420][SEVERE]: Timed out receiving message from renderer: 0.100
[1587980663.588][SEVERE]: Timed out receiving message from renderer: 0.100
]]></system-err>
  </testcase>
  <testcase name="ApplyJobWithCSVDataProvider" classname="gcombrinck.MyTest" time="18.463"/>
  <testcase name="ApplyJobWithDataProvider" classname="gcombrinck.MyTest" time="18.444">
    <failure message="Incorrect error message. expected [You need to upload at least one file.] but found [Email address is invalid]" type="java.lang.AssertionError">java.lang.AssertionError: Incorrect error message. expected [You need to upload at least one file.] but found [Email address is invalid]
	at gcombrinck.MyTest.ApplyJobWithDataProvider(MyTest.java:54)
</failure>
    <system-out><![CDATA[4905403101
]]></system-out>
    <system-err><![CDATA[[1587980700.276][SEVERE]: Timed out receiving message from renderer: 0.100
]]></system-err>
  </testcase>
  <testcase name="ApplyJobWithStaticData" classname="gcombrinck.MyTest" time="15.239"/>
</testsuite>