<?xml version="1.0" encoding="UTF-8"?>
<testng-results ignored="0" total="4" passed="2" failed="2" skipped="0">
  <reporter-output>
  </reporter-output>
  <suite started-at="2020-04-27T11:43:51 SAST" name="Surefire suite" finished-at="2020-04-27T11:45:40 SAST" duration-ms="108503">
    <groups>
    </groups>
    <test started-at="2020-04-27T11:43:51 SAST" name="Surefire test" finished-at="2020-04-27T11:45:40 SAST" duration-ms="108503">
      <class name="gcombrinck.MyTest">
        <test-method is-config="true" signature="testUp(java.lang.String)[pri:0, instance:gcombrinck.MyTest@3b582111]" started-at="2020-04-27T11:43:51 SAST" name="testUp" finished-at="2020-04-27T11:44:00 SAST" duration-ms="9029" status="PASS">
          <params>
            <param index="0">
              <value>
                <![CDATA[chrome]]>
              </value>
            </param>
          </params>
          <reporter-output>
          </reporter-output>
        </test-method> <!-- testUp -->
        <test-method is-config="true" signature="goHome()[pri:0, instance:gcombrinck.MyTest@3b582111]" started-at="2020-04-27T11:44:00 SAST" name="goHome" finished-at="2020-04-27T11:44:16 SAST" duration-ms="15495" status="PASS">
          <reporter-output>
          </reporter-output>
        </test-method> <!-- goHome -->
        <test-method signature="ApplyJobWithCSVDataProvider(java.lang.String, java.lang.String)[pri:0, instance:gcombrinck.MyTest@3b582111]" started-at="2020-04-27T11:44:17 SAST" name="ApplyJobWithCSVDataProvider" data-provider="csvData" finished-at="2020-04-27T11:44:30 SAST" duration-ms="13326" status="FAIL">
          <params>
            <param index="0">
              <value>
                <![CDATA[Automation TestUser 3]]>
              </value>
            </param>
            <param index="1">
              <value>
                <![CDATA[automationAssessment@iLABQuality.com]]>
              </value>
            </param>
          </params>
          <exception class="org.openqa.selenium.NoSuchElementException">
            <message>
              <![CDATA[no such element: Unable to locate element: {"method":"css selector","selector":".wpjb\-form\-job\-apply"}
  (Session info: chrome=81.0.4044.122)
For documentation on this error, please visit: https://www.seleniumhq.org/exceptions/no_such_element.html
Build info: version: '3.141.59', revision: 'e82be7d358', time: '2018-11-14T08:17:03'
System info: host: 'MCKENZIECOMBRIN', ip: '192.168.99.1', os.name: 'Windows 10', os.arch: 'amd64', os.version: '10.0', java.version: '14.0.1'
Driver info: org.openqa.selenium.chrome.ChromeDriver
Capabilities {acceptInsecureCerts: false, browserName: chrome, browserVersion: 81.0.4044.122, chrome: {chromedriverVersion: 81.0.4044.20 (f006328e39a97..., userDataDir: C:\Users\HealthQ\AppData\Lo...}, goog:chromeOptions: {debuggerAddress: localhost:52566}, javascriptEnabled: true, networkConnectionEnabled: false, pageLoadStrategy: normal, platform: WINDOWS, platformName: WINDOWS, proxy: Proxy(), setWindowRect: true, strictFileInteractability: false, timeouts: {implicit: 0, pageLoad: 300000, script: 30000}, unhandledPromptBehavior: dismiss and notify, webauthn:virtualAuthenticators: true}
Session ID: 1e5602d08ec21d53d0d13cee4501bff1
*** Element info: {Using=class name, value=wpjb-form-job-apply}]]>
            </message>
            <full-stacktrace>
              <![CDATA[org.openqa.selenium.NoSuchElementException: no such element: Unable to locate element: {"method":"css selector","selector":".wpjb\-form\-job\-apply"}
  (Session info: chrome=81.0.4044.122)
For documentation on this error, please visit: https://www.seleniumhq.org/exceptions/no_such_element.html
Build info: version: '3.141.59', revision: 'e82be7d358', time: '2018-11-14T08:17:03'
System info: host: 'MCKENZIECOMBRIN', ip: '192.168.99.1', os.name: 'Windows 10', os.arch: 'amd64', os.version: '10.0', java.version: '14.0.1'
Driver info: org.openqa.selenium.chrome.ChromeDriver
Capabilities {acceptInsecureCerts: false, browserName: chrome, browserVersion: 81.0.4044.122, chrome: {chromedriverVersion: 81.0.4044.20 (f006328e39a97..., userDataDir: C:\Users\HealthQ\AppData\Lo...}, goog:chromeOptions: {debuggerAddress: localhost:52566}, javascriptEnabled: true, networkConnectionEnabled: false, pageLoadStrategy: normal, platform: WINDOWS, platformName: WINDOWS, proxy: Proxy(), setWindowRect: true, strictFileInteractability: false, timeouts: {implicit: 0, pageLoad: 300000, script: 30000}, unhandledPromptBehavior: dismiss and notify, webauthn:virtualAuthenticators: true}
Session ID: 1e5602d08ec21d53d0d13cee4501bff1
*** Element info: {Using=class name, value=wpjb-form-job-apply}
at java.base/jdk.internal.reflect.NativeConstructorAccessorImpl.newInstance0(Native Method)
at java.base/jdk.internal.reflect.NativeConstructorAccessorImpl.newInstance(NativeConstructorAccessorImpl.java:62)
at java.base/jdk.internal.reflect.DelegatingConstructorAccessorImpl.newInstance(DelegatingConstructorAccessorImpl.java:45)
at java.base/java.lang.reflect.Constructor.newInstanceWithCaller(Constructor.java:500)
at java.base/java.lang.reflect.Constructor.newInstance(Constructor.java:481)
at org.openqa.selenium.remote.http.W3CHttpResponseCodec.createException(W3CHttpResponseCodec.java:187)
at org.openqa.selenium.remote.http.W3CHttpResponseCodec.decode(W3CHttpResponseCodec.java:122)
at org.openqa.selenium.remote.http.W3CHttpResponseCodec.decode(W3CHttpResponseCodec.java:49)
at org.openqa.selenium.remote.HttpCommandExecutor.execute(HttpCommandExecutor.java:158)
at org.openqa.selenium.remote.service.DriverCommandExecutor.execute(DriverCommandExecutor.java:83)
at org.openqa.selenium.remote.RemoteWebDriver.execute(RemoteWebDriver.java:552)
at org.openqa.selenium.remote.RemoteWebDriver.findElement(RemoteWebDriver.java:323)
at org.openqa.selenium.remote.RemoteWebDriver.findElementByClassName(RemoteWebDriver.java:412)
at org.openqa.selenium.By$ByClassName.findElement(By.java:389)
at org.openqa.selenium.remote.RemoteWebDriver.findElement(RemoteWebDriver.java:315)
at utils.HelperMethods.scrollToElement(HelperMethods.java:18)
at pages.JobPage.clickApplyButton(JobPage.java:27)
at gcombrinck.MyTest.ApplyJobWithCSVDataProvider(MyTest.java:74)
at java.base/jdk.internal.reflect.NativeMethodAccessorImpl.invoke0(Native Method)
at java.base/jdk.internal.reflect.NativeMethodAccessorImpl.invoke(NativeMethodAccessorImpl.java:62)
at java.base/jdk.internal.reflect.DelegatingMethodAccessorImpl.invoke(DelegatingMethodAccessorImpl.java:43)
at java.base/java.lang.reflect.Method.invoke(Method.java:564)
at org.testng.internal.MethodInvocationHelper.invokeMethod(MethodInvocationHelper.java:134)
at org.testng.internal.TestInvoker.invokeMethod(TestInvoker.java:597)
at org.testng.internal.TestInvoker.invokeTestMethod(TestInvoker.java:173)
at org.testng.internal.MethodRunner.runInSequence(MethodRunner.java:46)
at org.testng.internal.TestInvoker$MethodInvocationAgent.invoke(TestInvoker.java:816)
at org.testng.internal.TestInvoker.invokeTestMethods(TestInvoker.java:146)
at org.testng.internal.TestMethodWorker.invokeTestMethods(TestMethodWorker.java:146)
at org.testng.internal.TestMethodWorker.run(TestMethodWorker.java:128)
at java.base/java.util.ArrayList.forEach(ArrayList.java:1510)
at org.testng.TestRunner.privateRun(TestRunner.java:766)
at org.testng.TestRunner.run(TestRunner.java:587)
at org.testng.SuiteRunner.runTest(SuiteRunner.java:384)
at org.testng.SuiteRunner.runSequentially(SuiteRunner.java:378)
at org.testng.SuiteRunner.privateRun(SuiteRunner.java:337)
at org.testng.SuiteRunner.run(SuiteRunner.java:286)
at org.testng.SuiteRunnerWorker.runSuite(SuiteRunnerWorker.java:53)
at org.testng.SuiteRunnerWorker.run(SuiteRunnerWorker.java:96)
at org.testng.TestNG.runSuitesSequentially(TestNG.java:1187)
at org.testng.TestNG.runSuitesLocally(TestNG.java:1109)
at org.testng.TestNG.runSuites(TestNG.java:1039)
at org.testng.TestNG.run(TestNG.java:1007)
at org.apache.maven.surefire.testng.TestNGExecutor.run(TestNGExecutor.java:135)
at org.apache.maven.surefire.testng.TestNGDirectoryTestSuite.executeMulti(TestNGDirectoryTestSuite.java:193)
at org.apache.maven.surefire.testng.TestNGDirectoryTestSuite.execute(TestNGDirectoryTestSuite.java:94)
at org.apache.maven.surefire.testng.TestNGProvider.invoke(TestNGProvider.java:146)
at org.apache.maven.surefire.booter.ForkedBooter.invokeProviderInSameClassLoader(ForkedBooter.java:386)
at org.apache.maven.surefire.booter.ForkedBooter.runSuitesInProcess(ForkedBooter.java:323)
at org.apache.maven.surefire.booter.ForkedBooter.main(ForkedBooter.java:143)
]]>
            </full-stacktrace>
          </exception> <!-- org.openqa.selenium.NoSuchElementException -->
          <reporter-output>
          </reporter-output>
        </test-method> <!-- ApplyJobWithCSVDataProvider -->
        <test-method is-config="true" signature="recordFailure(org.testng.ITestResult)[pri:0, instance:gcombrinck.MyTest@3b582111]" started-at="2020-04-27T11:44:30 SAST" name="recordFailure" finished-at="2020-04-27T11:44:31 SAST" duration-ms="934" status="PASS">
          <params>
            <param index="0">
              <value>
                <![CDATA[[TestResult name=ApplyJobWithCSVDataProvider status=FAILURE method=MyTest.ApplyJobWithCSVDataProvider(java.lang.String, java.lang.String)[pri:0, instance:gcombrinck.MyTest@3b582111] output={null}]]]>
              </value>
            </param>
          </params>
          <reporter-output>
          </reporter-output>
        </test-method> <!-- recordFailure -->
        <test-method is-config="true" signature="goHome()[pri:0, instance:gcombrinck.MyTest@3b582111]" started-at="2020-04-27T11:44:31 SAST" name="goHome" finished-at="2020-04-27T11:44:37 SAST" duration-ms="6480" status="PASS">
          <reporter-output>
          </reporter-output>
        </test-method> <!-- goHome -->
        <test-method signature="ApplyJobWithCSVDataProvider(java.lang.String, java.lang.String)[pri:0, instance:gcombrinck.MyTest@3b582111]" started-at="2020-04-27T11:44:37 SAST" name="ApplyJobWithCSVDataProvider" data-provider="csvData" finished-at="2020-04-27T11:44:56 SAST" duration-ms="18463" status="PASS">
          <params>
            <param index="0">
              <value>
                <![CDATA[Automation TestUser 4]]>
              </value>
            </param>
            <param index="1">
              <value>
                <![CDATA[automationAssessment@iLABQuality.com]]>
              </value>
            </param>
          </params>
          <reporter-output>
          </reporter-output>
        </test-method> <!-- ApplyJobWithCSVDataProvider -->
        <test-method is-config="true" signature="recordFailure(org.testng.ITestResult)[pri:0, instance:gcombrinck.MyTest@3b582111]" started-at="2020-04-27T11:44:56 SAST" name="recordFailure" finished-at="2020-04-27T11:44:56 SAST" duration-ms="1" status="PASS">
          <params>
            <param index="0">
              <value>
                <![CDATA[[TestResult name=ApplyJobWithCSVDataProvider status=SUCCESS method=MyTest.ApplyJobWithCSVDataProvider(java.lang.String, java.lang.String)[pri:0, instance:gcombrinck.MyTest@3b582111] output={null}]]]>
              </value>
            </param>
          </params>
          <reporter-output>
          </reporter-output>
        </test-method> <!-- recordFailure -->
        <test-method is-config="true" signature="goHome()[pri:0, instance:gcombrinck.MyTest@3b582111]" started-at="2020-04-27T11:44:56 SAST" name="goHome" finished-at="2020-04-27T11:45:01 SAST" duration-ms="5052" status="PASS">
          <reporter-output>
          </reporter-output>
        </test-method> <!-- goHome -->
        <test-method signature="ApplyJobWithDataProvider(java.lang.String, java.lang.String, java.lang.String)[pri:0, instance:gcombrinck.MyTest@3b582111]" started-at="2020-04-27T11:45:01 SAST" name="ApplyJobWithDataProvider" data-provider="getData" finished-at="2020-04-27T11:45:19 SAST" duration-ms="18448" status="FAIL">
          <params>
            <param index="0">
              <value>
                <![CDATA[Automation TestUser 2]]>
              </value>
            </param>
            <param index="1">
              <value>
                <![CDATA[automationAssessment@iLABQuality.com]]>
              </value>
            </param>
            <param index="2">
              <value>
                <![CDATA[090 500 3101]]>
              </value>
            </param>
          </params>
          <exception class="java.lang.AssertionError">
            <message>
              <![CDATA[Incorrect error message. expected [You need to upload at least one file.] but found [Email address is invalid]]]>
            </message>
            <full-stacktrace>
              <![CDATA[java.lang.AssertionError: Incorrect error message. expected [You need to upload at least one file.] but found [Email address is invalid]
at org.testng.Assert.fail(Assert.java:97)
at org.testng.Assert.assertEqualsImpl(Assert.java:136)
at org.testng.Assert.assertEquals(Assert.java:118)
at org.testng.Assert.assertEquals(Assert.java:575)
at gcombrinck.MyTest.ApplyJobWithDataProvider(MyTest.java:54)
at java.base/jdk.internal.reflect.NativeMethodAccessorImpl.invoke0(Native Method)
at java.base/jdk.internal.reflect.NativeMethodAccessorImpl.invoke(NativeMethodAccessorImpl.java:62)
at java.base/jdk.internal.reflect.DelegatingMethodAccessorImpl.invoke(DelegatingMethodAccessorImpl.java:43)
at java.base/java.lang.reflect.Method.invoke(Method.java:564)
at org.testng.internal.MethodInvocationHelper.invokeMethod(MethodInvocationHelper.java:134)
at org.testng.internal.TestInvoker.invokeMethod(TestInvoker.java:597)
at org.testng.internal.TestInvoker.invokeTestMethod(TestInvoker.java:173)
at org.testng.internal.MethodRunner.runInSequence(MethodRunner.java:46)
at org.testng.internal.TestInvoker$MethodInvocationAgent.invoke(TestInvoker.java:816)
at org.testng.internal.TestInvoker.invokeTestMethods(TestInvoker.java:146)
at org.testng.internal.TestMethodWorker.invokeTestMethods(TestMethodWorker.java:146)
at org.testng.internal.TestMethodWorker.run(TestMethodWorker.java:128)
at java.base/java.util.ArrayList.forEach(ArrayList.java:1510)
at org.testng.TestRunner.privateRun(TestRunner.java:766)
at org.testng.TestRunner.run(TestRunner.java:587)
at org.testng.SuiteRunner.runTest(SuiteRunner.java:384)
at org.testng.SuiteRunner.runSequentially(SuiteRunner.java:378)
at org.testng.SuiteRunner.privateRun(SuiteRunner.java:337)
at org.testng.SuiteRunner.run(SuiteRunner.java:286)
at org.testng.SuiteRunnerWorker.runSuite(SuiteRunnerWorker.java:53)
at org.testng.SuiteRunnerWorker.run(SuiteRunnerWorker.java:96)
at org.testng.TestNG.runSuitesSequentially(TestNG.java:1187)
at org.testng.TestNG.runSuitesLocally(TestNG.java:1109)
at org.testng.TestNG.runSuites(TestNG.java:1039)
at org.testng.TestNG.run(TestNG.java:1007)
at org.apache.maven.surefire.testng.TestNGExecutor.run(TestNGExecutor.java:135)
at org.apache.maven.surefire.testng.TestNGDirectoryTestSuite.executeMulti(TestNGDirectoryTestSuite.java:193)
at org.apache.maven.surefire.testng.TestNGDirectoryTestSuite.execute(TestNGDirectoryTestSuite.java:94)
at org.apache.maven.surefire.testng.TestNGProvider.invoke(TestNGProvider.java:146)
at org.apache.maven.surefire.booter.ForkedBooter.invokeProviderInSameClassLoader(ForkedBooter.java:386)
at org.apache.maven.surefire.booter.ForkedBooter.runSuitesInProcess(ForkedBooter.java:323)
at org.apache.maven.surefire.booter.ForkedBooter.main(ForkedBooter.java:143)
]]>
            </full-stacktrace>
          </exception> <!-- java.lang.AssertionError -->
          <reporter-output>
          </reporter-output>
        </test-method> <!-- ApplyJobWithDataProvider -->
        <test-method is-config="true" signature="recordFailure(org.testng.ITestResult)[pri:0, instance:gcombrinck.MyTest@3b582111]" started-at="2020-04-27T11:45:19 SAST" name="recordFailure" finished-at="2020-04-27T11:45:20 SAST" duration-ms="459" status="PASS">
          <params>
            <param index="0">
              <value>
                <![CDATA[[TestResult name=ApplyJobWithDataProvider status=FAILURE method=MyTest.ApplyJobWithDataProvider(java.lang.String, java.lang.String, java.lang.String)[pri:0, instance:gcombrinck.MyTest@3b582111] output={null}]]]>
              </value>
            </param>
          </params>
          <reporter-output>
          </reporter-output>
        </test-method> <!-- recordFailure -->
        <test-method is-config="true" signature="goHome()[pri:0, instance:gcombrinck.MyTest@3b582111]" started-at="2020-04-27T11:45:20 SAST" name="goHome" finished-at="2020-04-27T11:45:24 SAST" duration-ms="3716" status="PASS">
          <reporter-output>
          </reporter-output>
        </test-method> <!-- goHome -->
        <test-method signature="ApplyJobWithStaticData()[pri:0, instance:gcombrinck.MyTest@3b582111]" started-at="2020-04-27T11:45:24 SAST" name="ApplyJobWithStaticData" finished-at="2020-04-27T11:45:39 SAST" duration-ms="15238" status="PASS">
          <reporter-output>
          </reporter-output>
        </test-method> <!-- ApplyJobWithStaticData -->
        <test-method is-config="true" signature="recordFailure(org.testng.ITestResult)[pri:0, instance:gcombrinck.MyTest@3b582111]" started-at="2020-04-27T11:45:39 SAST" name="recordFailure" finished-at="2020-04-27T11:45:39 SAST" duration-ms="1" status="PASS">
          <params>
            <param index="0">
              <value>
                <![CDATA[[TestResult name=ApplyJobWithStaticData status=SUCCESS method=MyTest.ApplyJobWithStaticData()[pri:0, instance:gcombrinck.MyTest@3b582111] output={null}]]]>
              </value>
            </param>
          </params>
          <reporter-output>
          </reporter-output>
        </test-method> <!-- recordFailure -->
        <test-method is-config="true" signature="tearDown()[pri:0, instance:gcombrinck.MyTest@3b582111]" started-at="2020-04-27T11:45:39 SAST" name="tearDown" finished-at="2020-04-27T11:45:40 SAST" duration-ms="871" status="PASS">
          <reporter-output>
          </reporter-output>
        </test-method> <!-- tearDown -->
      </class> <!-- gcombrinck.MyTest -->
    </test> <!-- Surefire test -->
  </suite> <!-- Surefire suite -->
</testng-results>
